<?xml version="1.0" encoding="UTF-8"?>
<mule xmlns="http://www.mulesoft.org/schema/mule/core"
      xmlns:xsi="http://www.w3.org/2001/XMLSchema-instance"
      xmlns:spring="http://www.springframework.org/schema/beans"
	  	  http://www.mulesoft.org/schema/mule/${trasport}
	  	  http://www.mulesoft.org/schema/mule/${trasport}
	  	  http://www.mulesoft.org/schema/mule/${trasport}
	  	  http://www.mulesoft.org/schema/mule/${trasport}
	  	  http://www.mulesoft.org/schema/mule/${trasport}
	        http://www.mulesoft.org/schema/mule/client 
	  http://www.mulesoft.org/schema/mule/cxf 
	  http://www.mulesoft.org/schema/mule/management 
	  http://www.mulesoft.org/schema/mule/scripting 
	  http://www.mulesoft.org/schema/mule/sxc 
	  http://www.mulesoft.org/schema/mule/xml 
	      xsi:schemaLocation="
        http://www.springframework.org/schema/beans http://www.springframework.org/schema/beans/spring-beans-3.0.xsd
		http://www.mulesoft.org/schema/mule/core http://www.mulesoft.org/schema/mule/core/current/mule.xsd
		http://www.mulesoft.org/schema/mule/file http://www.mulesoft.org/schema/mule/file/current/mule-file.xsd
		http://www.mulesoft.org/schema/mule/http http://www.mulesoft.org/schema/mule/http/current/mule-http.xsd
		http://www.mulesoft.org/schema/mule/jdbc http://www.mulesoft.org/schema/mule/jdbc/current/mule-jdbc.xsd
		http://www.mulesoft.org/schema/mule/jms http://www.mulesoft.org/schema/mule/jms/current/mule-jms.xsd
		http://www.mulesoft.org/schema/mule/vm http://www.mulesoft.org/schema/mule/vm/current/mule-vm.xsd
				http://www.mulesoft.org/schema/mule/client http://www.mulesoft.org/schema/mule/client/current/mule-client.xsd
		http://www.mulesoft.org/schema/mule/cxf http://www.mulesoft.org/schema/mule/cxf/current/mule-cxf.xsd
		http://www.mulesoft.org/schema/mule/management http://www.mulesoft.org/schema/mule/management/current/mule-management.xsd
		http://www.mulesoft.org/schema/mule/scripting http://www.mulesoft.org/schema/mule/scripting/current/mule-scripting.xsd
		http://www.mulesoft.org/schema/mule/sxc http://www.mulesoft.org/schema/mule/sxc/current/mule-sxc.xsd
		http://www.mulesoft.org/schema/mule/xml http://www.mulesoft.org/schema/mule/xml/current/mule-xml.xsd
		">

    <description>
    
    </description>

    <flow name="main">
        <vm:inbound-endpoint path="in" exchange-pattern="request-response"/>

        <!-- TODO add your service component here. This can also be a Spring bean using <spring-object bean="name"/> -->
        <echo-component/>

        <vm:outbound-endpoint path="out"/>
    </flow>
</mule>
